<?xml version="1.0" encoding="UTF-8"?>
<testng-results ignored="0" total="0" passed="0" failed="0" skipped="0">
  <reporter-output>
  </reporter-output>
  <suite started-at="2022-03-17T20:13:00Z" name="com.dell.LoginTest.BaseTest" finished-at="2022-03-17T20:13:00Z" duration-ms="0">
    <groups>
    </groups>
    <test started-at="2022-03-17T20:13:00Z" name="Command line test" finished-at="2022-03-17T20:13:00Z" duration-ms="0">
    </test> <!-- Command line test -->
  </suite> <!-- com.dell.LoginTest.BaseTest -->
</testng-results>
